<?xml version="1.0" encoding="UTF-8"?>
<testsuite name="Scala_Gradle.LibrarySuite" tests="1" skipped="0" failures="0" errors="0" timestamp="2022-06-28T12:37:47" hostname="LHTU05CG2122HMZ" time="0.024">
  <properties/>
  <testcase name="someLibraryMethod is always true" classname="Scala_Gradle.LibrarySuite" time="0.024"/>
  <system-out><![CDATA[]]></system-out>
  <system-err><![CDATA[]]></system-err>
</testsuite>
